#
# A fatal error has been detected by the Java Runtime Environment:
#
#  SIGSEGV (0xb) at pc=0x00007fff4f590270, pid=55971, tid=0x0000000000000307
#
# JRE version: Java(TM) SE Runtime Environment (8.0_221-b11) (build 1.8.0_221-b11)
# Java VM: Java HotSpot(TM) 64-Bit Server VM (25.221-b11 mixed mode bsd-amd64 compressed oops)
# Problematic frame:
# C  [GLEngine+0x148270]  gleRunVertexSubmitImmediate+0x21d0
#
# Failed to write core dump. Core dumps have been disabled. To enable core dumping, try "ulimit -c unlimited" before starting Java again
#
# If you would like to submit a bug report, please visit:
#   http://bugreport.java.com/bugreport/crash.jsp
# The crash happened outside the Java Virtual Machine in native code.
# See problematic frame for where to report the bug.
#

---------------  T H R E A D  ---------------

Current thread (0x00007ff0eb10c800):  JavaThread "AWT-AppKit" daemon [_thread_in_native, id=775, stack(0x00007ffeeda6e000,0x00007ffeee26e000)]

siginfo: si_signo: 11 (SIGSEGV), si_code: 1 (SEGV_MAPERR), si_addr: 0x0000000000000000

Registers:
RAX=0x0000000000000006, RBX=0x0000000000000006, RCX=0x00007fff4f591af8, RDX=0x0000000000000004
RSP=0x00007ffeee267da0, RBP=0x00007ffeee267fc0, RSI=0x0000000013400000, RDI=0x00007fff4f58fb86
R8 =0x0000000000000034, R9 =0x0000000000000006, R10=0x0000000006803003, R11=0x00007ff0efa1d430
R12=0x0000000000000000, R13=0x0000000006006000, R14=0x0000000000000000, R15=0x00007ff0ee086000
RIP=0x00007fff4f590270, EFLAGS=0x0000000000010206, ERR=0x0000000000000004
  TRAPNO=0x000000000000000e

Top of Stack: (sp=0x00007ffeee267da0)
0x00007ffeee267da0:   00007ffeee267de0 0000000000000003
0x00007ffeee267db0:   00007ff0ee086140 00007ff0ee086170
0x00007ffeee267dc0:   00007ff0ee086190 00007ff0ee086150
0x00007ffeee267dd0:   00007ff0ee086180 00007ff0ee086160
0x00007ffeee267de0:   00007ff0ee0861a0 0000000000000001
0x00007ffeee267df0:   00000000ffffffff 00000000eb30fee8
0x00007ffeee267e00:   401e003800000000 00007ff0eb078a00
0x00007ffeee267e10:   00007ffeee267f20 000000010e6399ab
0x00007ffeee267e20:   0000000100000000 00007ff0ee086000
0x00007ffeee267e30:   0000000000000000 00000000fffffffe
0x00007ffeee267e40:   0000003401801800 0000000000000000
0x00007ffeee267e50:   00000000ea83f400 0000000000000000
0x00007ffeee267e60:   0000000000000000 00007ff0efa1d430
0x00007ffeee267e70:   00007ffeee267f58 00007ff0ee086190
0x00007ffeee267e80:   00000004ffffffff 0000000000000000
0x00007ffeee267e90:   0000000000000000 0000000000000000
0x00007ffeee267ea0:   0000000000000000 0000000000000000
0x00007ffeee267eb0:   ffffffffffffffff 0000000000000034
0x00007ffeee267ec0:   00007ff0ee086190 00007ff0ee086190
0x00007ffeee267ed0:   0000000000000000 0000000000000000
0x00007ffeee267ee0:   ffffffffffffffff ffffffffffffffff
0x00007ffeee267ef0:   7373aeadcf35005f ee086190eb305e00
0x00007ffeee267f00:   ee086190ee086190 00000006ee086190
0x00007ffeee267f10:   0000000000000027 00007ff0ee086520
0x00007ffeee267f20:   7373aeadcf35005f 00007ff0ee086000
0x00007ffeee267f30:   0000000000000000 0000000000000000
0x00007ffeee267f40:   0000000000000000 00007ff0eb306c30
0x00007ffeee267f50:   0000000000000000 0000000121160000
0x00007ffeee267f60:   00000001211600c0 0000000000000000
0x00007ffeee267f70:   00007ff0ee089da0 00007ff0ee089fb0
0x00007ffeee267f80:   00007ff0ee0a19a0 0000000000000000
0x00007ffeee267f90:   7373aeadcf35005f 0000000000000000 

Instructions: (pc=0x00007fff4f590270)
0x00007fff4f590250:   f2 41 0f 10 0c 24 66 0f 14 c8 0f 5b e9 e9 0e 08
0x00007fff4f590260:   00 00 0f 14 e9 66 0f 3a 21 e8 28 e9 00 08 00 00
0x00007fff4f590270:   41 0f 28 2c 24 e9 f6 07 00 00 41 0f b7 04 24 41
0x00007fff4f590280:   0f b6 4c 24 02 c1 e1 10 09 c1 66 0f 6e d1 66 0f 

Register to memory mapping:

RAX=0x0000000000000006 is an unknown value
RBX=0x0000000000000006 is an unknown value
RCX=0x00007fff4f591af8: gleRunVertexSubmitImmediate+0x3a58 in /System/Library/Frameworks/OpenGL.framework/Versions/A/Resources/GLEngine.bundle/GLEngine at 0x00007fff4f448000
RDX=0x0000000000000004 is an unknown value
RSP=0x00007ffeee267da0 is pointing into the stack for thread: 0x00007ff0eb10c800
RBP=0x00007ffeee267fc0 is pointing into the stack for thread: 0x00007ff0eb10c800
RSI=0x0000000013400000 is an unknown value
RDI=0x00007fff4f58fb86: gleRunVertexSubmitImmediate+0x1ae6 in /System/Library/Frameworks/OpenGL.framework/Versions/A/Resources/GLEngine.bundle/GLEngine at 0x00007fff4f448000
R8 =0x0000000000000034 is an unknown value
R9 =0x0000000000000006 is an unknown value
R10=0x0000000006803003 is an unknown value
R11=0x00007ff0efa1d430 is an unknown value
R12=0x0000000000000000 is an unknown value
R13=0x0000000006006000 is an unknown value
R14=0x0000000000000000 is an unknown value
R15=0x00007ff0ee086000 is an unknown value


Stack: [0x00007ffeeda6e000,0x00007ffeee26e000],  sp=0x00007ffeee267da0,  free space=8167k
Native frames: (J=compiled Java code, j=interpreted, Vv=VM code, C=native code)
C  [GLEngine+0x148270]  gleRunVertexSubmitImmediate+0x21d0
C  [GLEngine+0x26287]  glDrawArrays_Exec+0x37b
C  [libjogl_desktop.jnilib+0x65135]  Java_jogamp_opengl_gl4_GL4bcImpl_dispatch_1glWriteMaskEXT1__IIIIIIJ+0x24c5
C  [QuartzCore+0x71fd2]  _ZL17CAOpenGLLayerDrawP13CAOpenGLLayerdPK11CVTimeStampj+0x7a7
C  [QuartzCore+0x71623]  -[CAOpenGLLayer _display]+0x235
C  [AppKit+0x2f567a]  -[NSOpenGLLayer display]+0xf0
C  [QuartzCore+0x11e7d]  _ZN2CA5Layer17display_if_neededEPNS_11TransactionE+0x279
C  [QuartzCore+0x1193b]  _ZN2CA5Layer28layout_and_display_if_neededEPNS_11TransactionE+0x23
C  [QuartzCore+0x1092c]  _ZN2CA7Context18commit_transactionEPNS_11TransactionE+0x146
C  [QuartzCore+0x104c5]  _ZN2CA11Transaction6commitEv+0x1e7
C  [AppKit+0x938a72]  __65+[CATransaction(NSCATransaction) NS_setFlushesWithDisplayRefresh]_block_invoke+0x11b
C  [CoreFoundation+0xa3417]  __CFRUNLOOP_IS_CALLING_OUT_TO_AN_OBSERVER_CALLBACK_FUNCTION__+0x17
C  [CoreFoundation+0xa333f]  __CFRunLoopDoObservers+0x20f
C  [CoreFoundation+0x858b8]  __CFRunLoopRun+0x4d8
C  [CoreFoundation+0x85153]  CFRunLoopRunSpecific+0x1e3
C  [HIToolbox+0x2fd96]  RunCurrentEventLoopInMode+0x11e
C  [HIToolbox+0x2fa0f]  ReceiveNextEventCommon+0x16e
C  [HIToolbox+0x2f884]  _BlockUntilNextEventMatchingListInModeWithFilter+0x40
C  [AppKit+0x41a73]  _DPSNextEvent+0x825
C  [AppKit+0x7d7e34]  -[NSApplication(NSEvent) _nextEventMatchingEventMask:untilDate:inMode:dequeue:]+0xbe4
C  [libosxapp.dylib+0x2328]  -[NSApplicationAWT nextEventMatchingMask:untilDate:inMode:dequeue:]+0x7c
C  [AppKit+0x36885]  -[NSApplication run]+0x2fc
C  [libosxapp.dylib+0x1f72]  +[NSApplicationAWT runAWTLoopWithApp:]+0x9c
C  [libawt_lwawt.dylib+0x480bf]  -[AWTStarter starter:]+0x389
C  [Foundation+0x682b5]  __NSThreadPerformPerform+0x14e
C  [CoreFoundation+0xa3a11]  __CFRUNLOOP_IS_CALLING_OUT_TO_A_SOURCE0_PERFORM_FUNCTION__+0x11
C  [CoreFoundation+0x15d42c]  __CFRunLoopDoSource0+0x6c
C  [CoreFoundation+0x86470]  __CFRunLoopDoSources0+0xd0
C  [CoreFoundation+0x858ed]  __CFRunLoopRun+0x50d
C  [CoreFoundation+0x85153]  CFRunLoopRunSpecific+0x1e3
C  [java+0x646e]  CreateExecutionEnvironment+0x367
C  [java+0x203c]  JLI_Launch+0x7a0
C  [java+0x84cb]  main+0x65
C  [java+0x1894]  start+0x34
C  0x0000000000000005


---------------  P R O C E S S  ---------------

Java Threads: ( => current thread )
  0x00007ff0ea000000 JavaThread "DestroyJavaVM" [_thread_blocked, id=9731, stack(0x000070000625d000,0x000070000635d000)]
  0x00007ff0eb384000 JavaThread "Timer-0" [_thread_blocked, id=63515, stack(0x000070000764a000,0x000070000774a000)]
  0x00007ff0eb15b000 JavaThread "AWT-EventQueue-0" [_thread_in_Java, id=75015, stack(0x000070000774d000,0x000070000784d000)]
  0x00007ff0ebaad000 JavaThread "Java2D Disposer" daemon [_thread_blocked, id=55819, stack(0x000070000751c000,0x000070000761c000)]
  0x00007ff0ea9c2000 JavaThread "Java2D Queue Flusher" daemon [_thread_blocked, id=81159, stack(0x0000700007419000,0x0000700007519000)]
  0x00007ff0ea99d000 JavaThread "AWT-Shutdown" [_thread_blocked, id=39723, stack(0x000070000710a000,0x000070000720a000)]
=>0x00007ff0eb10c800 JavaThread "AWT-AppKit" daemon [_thread_in_native, id=775, stack(0x00007ffeeda6e000,0x00007ffeee26e000)]
  0x00007ff0eb80a000 JavaThread "Service Thread" daemon [_thread_blocked, id=17667, stack(0x0000700006f04000,0x0000700007004000)]
  0x00007ff0eb81d000 JavaThread "C1 CompilerThread2" daemon [_thread_blocked, id=18179, stack(0x0000700006e01000,0x0000700006f01000)]
  0x00007ff0eb81c800 JavaThread "C2 CompilerThread1" daemon [_thread_blocked, id=14339, stack(0x0000700006cfe000,0x0000700006dfe000)]
  0x00007ff0eb03a800 JavaThread "C2 CompilerThread0" daemon [_thread_blocked, id=18691, stack(0x0000700006bfb000,0x0000700006cfb000)]
  0x00007ff0eb038800 JavaThread "Signal Dispatcher" daemon [_thread_blocked, id=18947, stack(0x0000700006af8000,0x0000700006bf8000)]
  0x00007ff0eb027800 JavaThread "Finalizer" daemon [_thread_blocked, id=20995, stack(0x0000700006972000,0x0000700006a72000)]
  0x00007ff0ea830000 JavaThread "Reference Handler" daemon [_thread_blocked, id=11779, stack(0x000070000686f000,0x000070000696f000)]

Other Threads:
  0x00007ff0ea814000 VMThread [stack: 0x000070000676c000,0x000070000686c000] [id=21507]
  0x00007ff0eb822000 WatcherThread [stack: 0x0000700007007000,0x0000700007107000] [id=17155]

VM state:not at safepoint (normal execution)

VM Mutex/Monitor currently owned by a thread:  ([mutex/lock_event])
[0x00007ff0e9e09bd0] Threads_lock - owner thread: 0x00007ff0ea814000

heap address: 0x0000000740000000, size: 2048 MB, Compressed Oops mode: Zero based, Oop shift amount: 3
Narrow klass base: 0x0000000000000000, Narrow klass shift: 3
Compressed class space size: 1073741824 Address: 0x00000007c0000000

Heap:
 PSYoungGen      total 38400K, used 18532K [0x0000000795580000, 0x0000000798000000, 0x00000007c0000000)
  eden space 33280K, 47% used [0x0000000795580000,0x00000007964e5038,0x0000000797600000)
  from space 5120K, 54% used [0x0000000797600000,0x00000007978b4010,0x0000000797b00000)
  to   space 5120K, 0% used [0x0000000797b00000,0x0000000797b00000,0x0000000798000000)
 ParOldGen       total 87552K, used 32K [0x0000000740000000, 0x0000000745580000, 0x0000000795580000)
  object space 87552K, 0% used [0x0000000740000000,0x0000000740008000,0x0000000745580000)
 Metaspace       used 14544K, capacity 14888K, committed 15104K, reserved 1062912K
  class space    used 1583K, capacity 1683K, committed 1792K, reserved 1048576K

Card table byte_map: [0x0000000103600000,0x0000000103a01000] byte_map_base: 0x00000000ffc00000

Marking Bits: (ParMarkBitMap*) 0x00000001022c8e40
 Begin Bits: [0x0000000103cac000, 0x0000000105cac000)
 End Bits:   [0x0000000105cac000, 0x0000000107cac000)

Polling page: 0x00000001029ca000

CodeCache: size=245760Kb used=4953Kb max_used=4960Kb free=240806Kb
 bounds [0x0000000110baa000, 0x000000011109a000, 0x000000011fbaa000]
 total_blobs=2130 nmethods=1369 adapters=675
 compilation: enabled

Compilation events (10 events):
Event: 727.079 Thread 0x00007ff0eb81d000 1374   !   3       java.util.TimerThread::mainLoop (232 bytes)
Event: 727.081 Thread 0x00007ff0eb81d000 nmethod 1374 0x00000001110882d0 code [0x0000000111088540, 0x0000000111089718]
Event: 744.163 Thread 0x00007ff0eb03a800 1375       4       java.util.TaskQueue::fixDown (108 bytes)
Event: 744.163 Thread 0x00007ff0eb03a800 nmethod 1375 0x0000000111067610 code [0x0000000111067760, 0x00000001110677f8]
Event: 1084.169 Thread 0x00007ff0eb81d000 1376 %     3       java.awt.EventDispatchThread::pumpEventsForFilter @ 10 (47 bytes)
Event: 1084.204 Thread 0x00007ff0eb81d000 nmethod 1376% 0x00000001110820d0 code [0x00000001110822a0, 0x0000000111082878]
Event: 1090.926 Thread 0x00007ff0eb81d000 1377       1       java.lang.Integer::intValue (5 bytes)
Event: 1090.929 Thread 0x00007ff0eb81d000 nmethod 1377 0x0000000111081e10 code [0x0000000111081f60, 0x0000000111082070]
Event: 1091.045 Thread 0x00007ff0eb81d000 1378       3       java.awt.Component::isVisible (5 bytes)
Event: 1091.045 Thread 0x00007ff0eb81d000 nmethod 1378 0x0000000110caa5d0 code [0x0000000110caa740, 0x0000000110caa930]

GC Heap History (6 events):
Event: 34.367 GC heap before
{Heap before GC invocations=1 (full 0):
 PSYoungGen      total 38400K, used 33280K [0x0000000795580000, 0x0000000798000000, 0x00000007c0000000)
  eden space 33280K, 100% used [0x0000000795580000,0x0000000797600000,0x0000000797600000)
  from space 5120K, 0% used [0x0000000797b00000,0x0000000797b00000,0x0000000798000000)
  to   space 5120K, 0% used [0x0000000797600000,0x0000000797600000,0x0000000797b00000)
 ParOldGen       total 87552K, used 0K [0x0000000740000000, 0x0000000745580000, 0x0000000795580000)
  object space 87552K, 0% used [0x0000000740000000,0x0000000740000000,0x0000000745580000)
 Metaspace       used 14516K, capacity 14824K, committed 15104K, reserved 1062912K
  class space    used 1579K, capacity 1683K, committed 1792K, reserved 1048576K
Event: 34.377 GC heap after
Heap after GC invocations=1 (full 0):
 PSYoungGen      total 38400K, used 4302K [0x0000000795580000, 0x0000000798000000, 0x00000007c0000000)
  eden space 33280K, 0% used [0x0000000795580000,0x0000000795580000,0x0000000797600000)
  from space 5120K, 84% used [0x0000000797600000,0x0000000797a33b08,0x0000000797b00000)
  to   space 5120K, 0% used [0x0000000797b00000,0x0000000797b00000,0x0000000798000000)
 ParOldGen       total 87552K, used 16K [0x0000000740000000, 0x0000000745580000, 0x0000000795580000)
  object space 87552K, 0% used [0x0000000740000000,0x0000000740004000,0x0000000745580000)
 Metaspace       used 14516K, capacity 14824K, committed 15104K, reserved 1062912K
  class space    used 1579K, capacity 1683K, committed 1792K, reserved 1048576K
}
Event: 366.918 GC heap before
{Heap before GC invocations=2 (full 0):
 PSYoungGen      total 38400K, used 37582K [0x0000000795580000, 0x0000000798000000, 0x00000007c0000000)
  eden space 33280K, 100% used [0x0000000795580000,0x0000000797600000,0x0000000797600000)
  from space 5120K, 84% used [0x0000000797600000,0x0000000797a33b08,0x0000000797b00000)
  to   space 5120K, 0% used [0x0000000797b00000,0x0000000797b00000,0x0000000798000000)
 ParOldGen       total 87552K, used 16K [0x0000000740000000, 0x0000000745580000, 0x0000000795580000)
  object space 87552K, 0% used [0x0000000740000000,0x0000000740004000,0x0000000745580000)
 Metaspace       used 14527K, capacity 14888K, committed 15104K, reserved 1062912K
  class space    used 1580K, capacity 1683K, committed 1792K, reserved 1048576K
Event: 366.927 GC heap after
Heap after GC invocations=2 (full 0):
 PSYoungGen      total 38400K, used 2752K [0x0000000795580000, 0x0000000798000000, 0x00000007c0000000)
  eden space 33280K, 0% used [0x0000000795580000,0x0000000795580000,0x0000000797600000)
  from space 5120K, 53% used [0x0000000797b00000,0x0000000797db0020,0x0000000798000000)
  to   space 5120K, 0% used [0x0000000797600000,0x0000000797600000,0x0000000797b00000)
 ParOldGen       total 87552K, used 24K [0x0000000740000000, 0x0000000745580000, 0x0000000795580000)
  object space 87552K, 0% used [0x0000000740000000,0x0000000740006000,0x0000000745580000)
 Metaspace       used 14527K, capacity 14888K, committed 15104K, reserved 1062912K
  class space    used 1580K, capacity 1683K, committed 1792K, reserved 1048576K
}
Event: 811.174 GC heap before
{Heap before GC invocations=3 (full 0):
 PSYoungGen      total 38400K, used 36032K [0x0000000795580000, 0x0000000798000000, 0x00000007c0000000)
  eden space 33280K, 100% used [0x0000000795580000,0x0000000797600000,0x0000000797600000)
  from space 5120K, 53% used [0x0000000797b00000,0x0000000797db0020,0x0000000798000000)
  to   space 5120K, 0% used [0x0000000797600000,0x0000000797600000,0x0000000797b00000)
 ParOldGen       total 87552K, used 24K [0x0000000740000000, 0x0000000745580000, 0x0000000795580000)
  object space 87552K, 0% used [0x0000000740000000,0x0000000740006000,0x0000000745580000)
 Metaspace       used 14529K, capacity 14888K, committed 15104K, reserved 1062912K
  class space    used 1580K, capacity 1683K, committed 1792K, reserved 1048576K
Event: 811.184 GC heap after
Heap after GC invocations=3 (full 0):
 PSYoungGen      total 38400K, used 2768K [0x0000000795580000, 0x0000000798000000, 0x00000007c0000000)
  eden space 33280K, 0% used [0x0000000795580000,0x0000000795580000,0x0000000797600000)
  from space 5120K, 54% used [0x0000000797600000,0x00000007978b4010,0x0000000797b00000)
  to   space 5120K, 0% used [0x0000000797b00000,0x0000000797b00000,0x0000000798000000)
 ParOldGen       total 87552K, used 32K [0x0000000740000000, 0x0000000745580000, 0x0000000795580000)
  object space 87552K, 0% used [0x0000000740000000,0x0000000740008000,0x0000000745580000)
 Metaspace       used 14529K, capacity 14888K, committed 15104K, reserved 1062912K
  class space    used 1580K, capacity 1683K, committed 1792K, reserved 1048576K
}

Deoptimization events (10 events):
Event: 79.436 Thread 0x00007ff0eb15b000 Uncommon trap: reason=unstable_if action=reinterpret pc=0x0000000110ffd35c method=Fish.update(Ljavax/media/opengl/GL2;)V @ 374
Event: 79.436 Thread 0x00007ff0eb15b000 Uncommon trap: reason=unstable_if action=reinterpret pc=0x00000001110237e4 method=Predator.calcPotential()V @ 24
Event: 79.436 Thread 0x00007ff0eb15b000 Uncommon trap: reason=intrinsic action=make_not_entrant pc=0x0000000110fcc8f0 method=Predator.Gaussian_Potential_Function(LPoint3D;LPoint3D;F)LPoint3D; @ 68
Event: 79.452 Thread 0x00007ff0eb15b000 Uncommon trap: reason=unstable_if action=reinterpret pc=0x0000000110feec74 method=Vivarium.update(Ljavax/media/opengl/GL2;)V @ 33
Event: 79.734 Thread 0x00007ff0eb15b000 Uncommon trap: reason=intrinsic action=make_not_entrant pc=0x000000011102011c method=Predator.Gaussian_Potential_Function(LPoint3D;LPoint3D;F)LPoint3D; @ 143
Event: 80.052 Thread 0x00007ff0eb15b000 Uncommon trap: reason=intrinsic action=make_not_entrant pc=0x0000000111028c3c method=Predator.Gaussian_Potential_Function(LPoint3D;LPoint3D;F)LPoint3D; @ 218
Event: 1090.970 Thread 0x00007ff0eb15b000 Uncommon trap: reason=class_check action=maybe_recompile pc=0x000000011104f920 method=java.awt.event.InvocationEvent.dispatch()V @ 47
Event: 1091.041 Thread 0x00007ff0eb15b000 Uncommon trap: reason=unstable_if action=reinterpret pc=0x0000000111009e98 method=java.awt.EventQueue.getPriority(Ljava/awt/AWTEvent;)I @ 71
Event: 1091.042 Thread 0x00007ff0eb15b000 Uncommon trap: reason=class_check action=maybe_recompile pc=0x000000011104f920 method=java.awt.event.InvocationEvent.dispatch()V @ 47
Event: 1091.043 Thread 0x00007ff0eb15b000 Uncommon trap: reason=unstable_if action=reinterpret pc=0x0000000111032cf0 method=java.awt.EventQueue.getPriority(Ljava/awt/AWTEvent;)I @ 71

Classes redefined (0 events):
No events

Internal exceptions (10 events):
Event: 0.132 Thread 0x00007ff0ea000000 Exception <a 'java/security/PrivilegedActionException'> (0x000000079573fc40) thrown at [/Users/java_re/workspace/8-2-build-macosx-x86_64/jdk8u221/13320/hotspot/src/share/vm/prims/jvm.cpp, line 1502]
Event: 0.132 Thread 0x00007ff0ea000000 Exception <a 'java/security/PrivilegedActionException'> (0x000000079573fe50) thrown at [/Users/java_re/workspace/8-2-build-macosx-x86_64/jdk8u221/13320/hotspot/src/share/vm/prims/jvm.cpp, line 1502]
Event: 0.132 Thread 0x00007ff0ea000000 Exception <a 'java/security/PrivilegedActionException'> (0x0000000795743180) thrown at [/Users/java_re/workspace/8-2-build-macosx-x86_64/jdk8u221/13320/hotspot/src/share/vm/prims/jvm.cpp, line 1502]
Event: 0.132 Thread 0x00007ff0ea000000 Exception <a 'java/security/PrivilegedActionException'> (0x0000000795743390) thrown at [/Users/java_re/workspace/8-2-build-macosx-x86_64/jdk8u221/13320/hotspot/src/share/vm/prims/jvm.cpp, line 1502]
Event: 0.185 Thread 0x00007ff0ea000000 Exception <a 'java/lang/NoSuchFieldError': method resolution failed> (0x00000007958137a8) thrown at [/Users/java_re/workspace/8-2-build-macosx-x86_64/jdk8u221/13320/hotspot/src/share/vm/prims/methodHandles.cpp, line 1167]
Event: 0.187 Thread 0x00007ff0ea000000 Exception <a 'java/lang/NoSuchFieldError': method resolution failed> (0x0000000795820fd8) thrown at [/Users/java_re/workspace/8-2-build-macosx-x86_64/jdk8u221/13320/hotspot/src/share/vm/prims/methodHandles.cpp, line 1167]
Event: 0.427 Thread 0x00007ff0ea000000 Exception <a 'java/io/FileNotFoundException'> (0x000000079589b820) thrown at [/Users/java_re/workspace/8-2-build-macosx-x86_64/jdk8u221/13320/hotspot/src/share/vm/prims/jni.cpp, line 710]
Event: 0.427 Thread 0x00007ff0ea000000 Exception <a 'java/io/FileNotFoundException'> (0x000000079589c3a8) thrown at [/Users/java_re/workspace/8-2-build-macosx-x86_64/jdk8u221/13320/hotspot/src/share/vm/prims/jni.cpp, line 710]
Event: 34.378 Thread 0x00007ff0eb027800 Exception <a 'java/lang/NullPointerException'> (0x00000007955ec2f8) thrown at [/Users/java_re/workspace/8-2-build-macosx-x86_64/jdk8u221/13320/hotspot/src/share/vm/interpreter/linkResolver.cpp, line 1185]
Event: 79.436 Thread 0x00007ff0eb15b000 Implicit null exception at 0x0000000111021256 to 0x00000001110237b9

Events (10 events):
Event: 1091.041 Thread 0x00007ff0eb15b000 DEOPT PACKING pc=0x0000000111009e98 sp=0x000070000784c570
Event: 1091.042 Thread 0x00007ff0eb15b000 DEOPT UNPACKING pc=0x0000000110bef73a sp=0x000070000784c490 mode 2
Event: 1091.042 Thread 0x00007ff0eb15b000 Uncommon trap: trap_request=0xffffffde fr.pc=0x000000011104f920
Event: 1091.042 Thread 0x00007ff0eb15b000 DEOPT PACKING pc=0x000000011104f920 sp=0x000070000784bb40
Event: 1091.042 Thread 0x00007ff0eb15b000 DEOPT UNPACKING pc=0x0000000110bef73a sp=0x000070000784b9c8 mode 2
Event: 1091.043 Thread 0x00007ff0eb15b000 Uncommon trap: trap_request=0xffffff65 fr.pc=0x0000000111032cf0
Event: 1091.043 Thread 0x00007ff0eb15b000 DEOPT PACKING pc=0x0000000111032cf0 sp=0x000070000784b530
Event: 1091.043 Thread 0x00007ff0eb15b000 DEOPT UNPACKING pc=0x0000000110bef73a sp=0x000070000784b4b8 mode 2
Event: 1091.067 loading class sun/awt/image/MultiResolutionImage
Event: 1091.068 loading class sun/awt/image/MultiResolutionImage done


Dynamic libraries:
0x00007fff446fe000 	/System/Library/Frameworks/Cocoa.framework/Versions/A/Cocoa
0x00007fff50d1a000 	/System/Library/Frameworks/Security.framework/Versions/A/Security
0x00007fff43340000 	/System/Library/Frameworks/ApplicationServices.framework/Versions/A/ApplicationServices
0x00007fff6cb79000 	/usr/lib/libz.1.dylib
0x00007fff6aaaa000 	/usr/lib/libSystem.B.dylib
0x00007fff6c163000 	/usr/lib/libobjc.A.dylib
0x00007fff44eb1000 	/System/Library/Frameworks/CoreFoundation.framework/Versions/A/CoreFoundation
0x00007fff47012000 	/System/Library/Frameworks/Foundation.framework/Versions/C/Foundation
0x00007fff42490000 	/System/Library/Frameworks/AppKit.framework/Versions/C/AppKit
0x00007fff44a76000 	/System/Library/Frameworks/CoreData.framework/Versions/A/CoreData
0x00007fff643e8000 	/System/Library/PrivateFrameworks/RemoteViewServices.framework/Versions/A/RemoteViewServices
0x00007fff68b4f000 	/System/Library/PrivateFrameworks/UIFoundation.framework/Versions/A/UIFoundation
0x00007fff591e2000 	/System/Library/PrivateFrameworks/DFRFoundation.framework/Versions/A/DFRFoundation
0x00007fff4967e000 	/System/Library/Frameworks/Metal.framework/Versions/A/Metal
0x00007fff5937f000 	/System/Library/PrivateFrameworks/DesktopServicesPriv.framework/Versions/A/DesktopServicesPriv
0x00007fff6b6b0000 	/usr/lib/libenergytrace.dylib
0x00007fff66bba000 	/System/Library/PrivateFrameworks/SkyLight.framework/Versions/A/SkyLight
0x00007fff45354000 	/System/Library/Frameworks/CoreGraphics.framework/Versions/A/CoreGraphics
0x00007fff6aaa5000 	/usr/lib/libScreenReader.dylib
0x00007fff4142a000 	/System/Library/Frameworks/Accelerate.framework/Versions/A/Accelerate
0x00007fff4778c000 	/System/Library/Frameworks/IOSurface.framework/Versions/A/IOSurface
0x00007fff4388a000 	/System/Library/Frameworks/AudioToolbox.framework/Versions/A/AudioToolbox
0x00007fff43b1a000 	/System/Library/Frameworks/AudioUnit.framework/Versions/A/AudioUnit
0x00007fff5927a000 	/System/Library/PrivateFrameworks/DataDetectorsCore.framework/Versions/A/DataDetectorsCore
0x00007fff441f1000 	/System/Library/Frameworks/Carbon.framework/Versions/A/Frameworks/HIToolbox.framework/Versions/A/HIToolbox
0x00007fff6b80a000 	/usr/lib/libicucore.A.dylib
0x00007fff50296000 	/System/Library/Frameworks/QuartzCore.framework/Versions/A/QuartzCore
0x00007fff65e71000 	/System/Library/PrivateFrameworks/SignpostNotification.framework/Versions/A/SignpostNotification
0x00007fff445d7000 	/System/Library/Frameworks/Carbon.framework/Versions/A/Frameworks/SpeechRecognition.framework/Versions/A/SpeechRecognition
0x00007fff6ac06000 	/usr/lib/libauto.dylib
0x00007fff6ca68000 	/usr/lib/libxml2.2.dylib
0x00007fff58e33000 	/System/Library/PrivateFrameworks/CoreUI.framework/Versions/A/CoreUI
0x00007fff44952000 	/System/Library/Frameworks/CoreAudio.framework/Versions/A/CoreAudio
0x00007fff46e4c000 	/System/Library/Frameworks/DiskArbitration.framework/Versions/A/DiskArbitration
0x00007fff6ba7e000 	/usr/lib/liblangid.dylib
0x00007fff608ee000 	/System/Library/PrivateFrameworks/MultitouchSupport.framework/Versions/A/MultitouchSupport
0x00007fff476ef000 	/System/Library/Frameworks/IOKit.framework/Versions/A/IOKit
0x00007fff6a734000 	/usr/lib/libDiagnosticMessagesClient.dylib
0x00007fff4602a000 	/System/Library/Frameworks/CoreServices.framework/Versions/A/CoreServices
0x00007fff62420000 	/System/Library/PrivateFrameworks/PerformanceAnalysis.framework/Versions/A/PerformanceAnalysis
0x00007fff4f438000 	/System/Library/Frameworks/OpenGL.framework/Versions/A/OpenGL
0x00007fff4470c000 	/System/Library/Frameworks/ColorSync.framework/Versions/A/ColorSync
0x00007fff45966000 	/System/Library/Frameworks/CoreImage.framework/Versions/A/CoreImage
0x00007fff469ba000 	/System/Library/Frameworks/CoreText.framework/Versions/A/CoreText
0x00007fff477ea000 	/System/Library/Frameworks/ImageIO.framework/Versions/A/ImageIO
0x00007fff55b2a000 	/System/Library/PrivateFrameworks/Backup.framework/Versions/A/Backup
0x00007fff6ab56000 	/usr/lib/libarchive.2.dylib
0x00007fff43e3d000 	/System/Library/Frameworks/CFNetwork.framework/Versions/A/CFNetwork
0x00007fff514ad000 	/System/Library/Frameworks/SystemConfiguration.framework/Versions/A/SystemConfiguration
0x00007fff6a65d000 	/usr/lib/libCRFSuite.dylib
0x00007fff6acdf000 	/usr/lib/libc++.1.dylib
0x00007fff6ad36000 	/usr/lib/libc++abi.dylib
0x00007fff6cc27000 	/usr/lib/system/libcache.dylib
0x00007fff6cc2c000 	/usr/lib/system/libcommonCrypto.dylib
0x00007fff6cc37000 	/usr/lib/system/libcompiler_rt.dylib
0x00007fff6cc3f000 	/usr/lib/system/libcopyfile.dylib
0x00007fff6cc49000 	/usr/lib/system/libcorecrypto.dylib
0x00007fff6cd56000 	/usr/lib/system/libdispatch.dylib
0x00007fff6cd90000 	/usr/lib/system/libdyld.dylib
0x00007fff6cdae000 	/usr/lib/system/libkeymgr.dylib
0x00007fff6cdbc000 	/usr/lib/system/liblaunch.dylib
0x00007fff6cdbd000 	/usr/lib/system/libmacho.dylib
0x00007fff6cdc2000 	/usr/lib/system/libquarantine.dylib
0x00007fff6cdc5000 	/usr/lib/system/libremovefile.dylib
0x00007fff6cdc7000 	/usr/lib/system/libsystem_asl.dylib
0x00007fff6cddf000 	/usr/lib/system/libsystem_blocks.dylib
0x00007fff6cde0000 	/usr/lib/system/libsystem_c.dylib
0x00007fff6ce6a000 	/usr/lib/system/libsystem_configuration.dylib
0x00007fff6ce6e000 	/usr/lib/system/libsystem_coreservices.dylib
0x00007fff6ce72000 	/usr/lib/system/libsystem_darwin.dylib
0x00007fff6ce74000 	/usr/lib/system/libsystem_dnssd.dylib
0x00007fff6ce7b000 	/usr/lib/system/libsystem_info.dylib
0x00007fff6ceec000 	/usr/lib/system/libsystem_m.dylib
0x00007fff6cf38000 	/usr/lib/system/libsystem_malloc.dylib
0x00007fff6cf58000 	/usr/lib/system/libsystem_network.dylib
0x00007fff6d089000 	/usr/lib/system/libsystem_networkextension.dylib
0x00007fff6d094000 	/usr/lib/system/libsystem_notify.dylib
0x00007fff6d0b2000 	/usr/lib/system/libsystem_sandbox.dylib
0x00007fff6d0b6000 	/usr/lib/system/libsystem_secinit.dylib
0x00007fff6cec5000 	/usr/lib/system/libsystem_kernel.dylib
0x00007fff6d09e000 	/usr/lib/system/libsystem_platform.dylib
0x00007fff6d0a6000 	/usr/lib/system/libsystem_pthread.dylib
0x00007fff6d0b8000 	/usr/lib/system/libsystem_symptoms.dylib
0x00007fff6d0c0000 	/usr/lib/system/libsystem_trace.dylib
0x00007fff6d0d5000 	/usr/lib/system/libunwind.dylib
0x00007fff6d0db000 	/usr/lib/system/libxpc.dylib
0x00007fff6a570000 	/usr/lib/closure/libclosured.dylib
0x00007fff6acc0000 	/usr/lib/libbsm.0.dylib
0x00007fff6cdaf000 	/usr/lib/system/libkxld.dylib
0x00007fff6a96e000 	/usr/lib/libOpenScriptingUtil.dylib
0x00007fff6b02f000 	/usr/lib/libcoretls.dylib
0x00007fff6b048000 	/usr/lib/libcoretls_cfhelpers.dylib
0x00007fff6c564000 	/usr/lib/libpam.2.dylib
0x00007fff6c68b000 	/usr/lib/libsqlite3.dylib
0x00007fff6ca57000 	/usr/lib/libxar.1.dylib
0x00007fff6acd1000 	/usr/lib/libbz2.1.0.dylib
0x00007fff6ba80000 	/usr/lib/liblzma.5.dylib
0x00007fff6bf61000 	/usr/lib/libnetwork.dylib
0x00007fff6ab3f000 	/usr/lib/libapple_nghttp2.dylib
0x00007fff6c56b000 	/usr/lib/libpcap.A.dylib
0x00007fff6ac07000 	/usr/lib/libboringssl.dylib
0x00007fff6c9f2000 	/usr/lib/libusrtcp.dylib
0x00007fff6ab3e000 	/usr/lib/libapple_crypto.dylib
0x00007fff463ad000 	/System/Library/Frameworks/CoreServices.framework/Versions/A/Frameworks/FSEvents.framework/Versions/A/FSEvents
0x00007fff460a0000 	/System/Library/Frameworks/CoreServices.framework/Versions/A/Frameworks/CarbonCore.framework/Versions/A/CarbonCore
0x00007fff46574000 	/System/Library/Frameworks/CoreServices.framework/Versions/A/Frameworks/Metadata.framework/Versions/A/Metadata
0x00007fff46625000 	/System/Library/Frameworks/CoreServices.framework/Versions/A/Frameworks/OSServices.framework/Versions/A/OSServices
0x00007fff46686000 	/System/Library/Frameworks/CoreServices.framework/Versions/A/Frameworks/SearchKit.framework/Versions/A/SearchKit
0x00007fff4602b000 	/System/Library/Frameworks/CoreServices.framework/Versions/A/Frameworks/AE.framework/Versions/A/AE
0x00007fff463b6000 	/System/Library/Frameworks/CoreServices.framework/Versions/A/Frameworks/LaunchServices.framework/Versions/A/LaunchServices
0x00007fff46378000 	/System/Library/Frameworks/CoreServices.framework/Versions/A/Frameworks/DictionaryServices.framework/Versions/A/DictionaryServices
0x00007fff466f5000 	/System/Library/Frameworks/CoreServices.framework/Versions/A/Frameworks/SharedFileList.framework/Versions/A/SharedFileList
0x00007fff4a8b4000 	/System/Library/Frameworks/NetFS.framework/Versions/A/NetFS
0x00007fff60b7f000 	/System/Library/PrivateFrameworks/NetAuth.framework/Versions/A/NetAuth
0x00007fff6a407000 	/System/Library/PrivateFrameworks/login.framework/Versions/A/Frameworks/loginsupport.framework/Versions/A/loginsupport
0x00007fff687cc000 	/System/Library/PrivateFrameworks/TCC.framework/Versions/A/TCC
0x00007fff6bb61000 	/usr/lib/libmecabra.dylib
0x00007fff43341000 	/System/Library/Frameworks/ApplicationServices.framework/Versions/A/Frameworks/ATS.framework/Versions/A/ATS
0x00007fff436ef000 	/System/Library/Frameworks/ApplicationServices.framework/Versions/A/Frameworks/ColorSyncLegacy.framework/Versions/A/ColorSyncLegacy
0x00007fff43793000 	/System/Library/Frameworks/ApplicationServices.framework/Versions/A/Frameworks/HIServices.framework/Versions/A/HIServices
0x00007fff437e6000 	/System/Library/Frameworks/ApplicationServices.framework/Versions/A/Frameworks/LangAnalysis.framework/Versions/A/LangAnalysis
0x00007fff437f5000 	/System/Library/Frameworks/ApplicationServices.framework/Versions/A/Frameworks/PrintCore.framework/Versions/A/PrintCore
0x00007fff43842000 	/System/Library/Frameworks/ApplicationServices.framework/Versions/A/Frameworks/QD.framework/Versions/A/QD
0x00007fff4387d000 	/System/Library/Frameworks/ApplicationServices.framework/Versions/A/Frameworks/SpeechSynthesis.framework/Versions/A/SpeechSynthesis
0x00007fff44dcd000 	/System/Library/Frameworks/CoreDisplay.framework/Versions/A/CoreDisplay
0x00007fff41442000 	/System/Library/Frameworks/Accelerate.framework/Versions/A/Frameworks/vImage.framework/Versions/A/vImage
0x00007fff4219c000 	/System/Library/Frameworks/Accelerate.framework/Versions/A/Frameworks/vecLib.framework/Versions/A/vecLib
0x00007fff41f3c000 	/System/Library/Frameworks/Accelerate.framework/Versions/A/Frameworks/vecLib.framework/Versions/A/libvDSP.dylib
0x00007fff41a9c000 	/System/Library/Frameworks/Accelerate.framework/Versions/A/Frameworks/vecLib.framework/Versions/A/libBNNS.dylib
0x00007fff41ea1000 	/System/Library/Frameworks/Accelerate.framework/Versions/A/Frameworks/vecLib.framework/Versions/A/libQuadrature.dylib
0x00007fff420ea000 	/System/Library/Frameworks/Accelerate.framework/Versions/A/Frameworks/vecLib.framework/Versions/A/libvMisc.dylib
0x00007fff41acb000 	/System/Library/Frameworks/Accelerate.framework/Versions/A/Frameworks/vecLib.framework/Versions/A/libLAPACK.dylib
0x00007fff41941000 	/System/Library/Frameworks/Accelerate.framework/Versions/A/Frameworks/vecLib.framework/Versions/A/libBLAS.dylib
0x00007fff41e8b000 	/System/Library/Frameworks/Accelerate.framework/Versions/A/Frameworks/vecLib.framework/Versions/A/libLinearAlgebra.dylib
0x00007fff41ea7000 	/System/Library/Frameworks/Accelerate.framework/Versions/A/Frameworks/vecLib.framework/Versions/A/libSparse.dylib
0x00007fff41f28000 	/System/Library/Frameworks/Accelerate.framework/Versions/A/Frameworks/vecLib.framework/Versions/A/libSparseBLAS.dylib
0x00007fff5d9be000 	/System/Library/PrivateFrameworks/GPUWrangler.framework/Versions/A/GPUWrangler
0x00007fff5f14f000 	/System/Library/PrivateFrameworks/IOAccelerator.framework/Versions/A/IOAccelerator
0x00007fff5f15a000 	/System/Library/PrivateFrameworks/IOPresentment.framework/Versions/A/IOPresentment
0x00007fff591f4000 	/System/Library/PrivateFrameworks/DSExternalDisplay.framework/Versions/A/DSExternalDisplay
0x00007fff4e8b7000 	/System/Library/Frameworks/OpenGL.framework/Versions/A/Libraries/libCoreFSCache.dylib
0x00007fff46b0b000 	/System/Library/Frameworks/CoreVideo.framework/Versions/A/CoreVideo
0x00007fff5e739000 	/System/Library/PrivateFrameworks/GraphVisualizer.framework/Versions/A/GraphVisualizer
0x00007fff498b5000 	/System/Library/Frameworks/MetalPerformanceShaders.framework/Versions/A/MetalPerformanceShaders
0x00007fff6a76c000 	/usr/lib/libFosl_dynamic.dylib
0x00007fff5a2c8000 	/System/Library/PrivateFrameworks/FaceCore.framework/Versions/A/FaceCore
0x00007fff4d6b2000 	/System/Library/Frameworks/OpenCL.framework/Versions/A/OpenCL
0x00007fff6ad6d000 	/usr/lib/libcompression.dylib
0x00007fff43440000 	/System/Library/Frameworks/ApplicationServices.framework/Versions/A/Frameworks/ATS.framework/Versions/A/Resources/libFontParser.dylib
0x00007fff43563000 	/System/Library/Frameworks/ApplicationServices.framework/Versions/A/Frameworks/ATS.framework/Versions/A/Resources/libFontRegistry.dylib
0x00007fff47a52000 	/System/Library/Frameworks/ImageIO.framework/Versions/A/Resources/libJPEG.dylib
0x00007fff47d7b000 	/System/Library/Frameworks/ImageIO.framework/Versions/A/Resources/libTIFF.dylib
0x00007fff47d51000 	/System/Library/Frameworks/ImageIO.framework/Versions/A/Resources/libPng.dylib
0x00007fff47965000 	/System/Library/Frameworks/ImageIO.framework/Versions/A/Resources/libGIF.dylib
0x00007fff4796a000 	/System/Library/Frameworks/ImageIO.framework/Versions/A/Resources/libJP2.dylib
0x00007fff47d78000 	/System/Library/Frameworks/ImageIO.framework/Versions/A/Resources/libRadiance.dylib
0x00007fff55255000 	/System/Library/PrivateFrameworks/AppleJPEG.framework/Versions/A/AppleJPEG
0x00007fff4971c000 	/System/Library/Frameworks/MetalPerformanceShaders.framework/Frameworks/MPSCore.framework/Versions/A/MPSCore
0x00007fff49738000 	/System/Library/Frameworks/MetalPerformanceShaders.framework/Frameworks/MPSImage.framework/Versions/A/MPSImage
0x00007fff497cd000 	/System/Library/Frameworks/MetalPerformanceShaders.framework/Frameworks/MPSNeuralNetwork.framework/Versions/A/MPSNeuralNetwork
0x00007fff497a8000 	/System/Library/Frameworks/MetalPerformanceShaders.framework/Frameworks/MPSMatrix.framework/Versions/A/MPSMatrix
0x00007fff60650000 	/System/Library/PrivateFrameworks/MetalTools.framework/Versions/A/MetalTools
0x00007fff4ea82000 	/System/Library/Frameworks/OpenGL.framework/Versions/A/Libraries/libGLU.dylib
0x00007fff4e8c2000 	/System/Library/Frameworks/OpenGL.framework/Versions/A/Libraries/libGFXShared.dylib
0x00007fff4e8cc000 	/System/Library/Frameworks/OpenGL.framework/Versions/A/Libraries/libGL.dylib
0x00007fff4e8d8000 	/System/Library/Frameworks/OpenGL.framework/Versions/A/Libraries/libGLImage.dylib
0x00007fff4e8b4000 	/System/Library/Frameworks/OpenGL.framework/Versions/A/Libraries/libCVMSPluginSupport.dylib
0x00007fff4e8bd000 	/System/Library/Frameworks/OpenGL.framework/Versions/A/Libraries/libCoreVMClient.dylib
0x00007fff6b51a000 	/usr/lib/libcups.2.dylib
0x00007fff48c83000 	/System/Library/Frameworks/Kerberos.framework/Versions/A/Kerberos
0x00007fff47449000 	/System/Library/Frameworks/GSS.framework/Versions/A/GSS
0x00007fff6c61e000 	/usr/lib/libresolv.9.dylib
0x00007fff6b718000 	/usr/lib/libiconv.2.dylib
0x00007fff5e7cb000 	/System/Library/PrivateFrameworks/Heimdal.framework/Versions/A/Heimdal
0x00007fff6b6e7000 	/usr/lib/libheimdal-asn1.dylib
0x00007fff4d72a000 	/System/Library/Frameworks/OpenDirectory.framework/Versions/A/OpenDirectory
0x00007fff5756b000 	/System/Library/PrivateFrameworks/CommonAuth.framework/Versions/A/CommonAuth
0x00007fff4d70d000 	/System/Library/Frameworks/OpenDirectory.framework/Versions/A/Frameworks/CFOpenDirectory.framework/Versions/A/CFOpenDirectory
0x00007fff51046000 	/System/Library/Frameworks/SecurityFoundation.framework/Versions/A/SecurityFoundation
0x00007fff5441a000 	/System/Library/PrivateFrameworks/APFS.framework/Versions/A/APFS
0x00007fff6ca53000 	/usr/lib/libutil.dylib
0x00007fff552d8000 	/System/Library/PrivateFrameworks/AppleSauce.framework/Versions/A/AppleSauce
0x00007fff5f937000 	/System/Library/PrivateFrameworks/LinguisticData.framework/Versions/A/LinguisticData
0x00007fff6ba9a000 	/usr/lib/libmarisa.dylib
0x00007fff5f8f1000 	/System/Library/PrivateFrameworks/Lexicon.framework/Versions/A/Lexicon
0x00007fff6a697000 	/usr/lib/libChineseTokenizer.dylib
0x00007fff6ad5c000 	/usr/lib/libcmph.dylib
0x00007fff5f7fb000 	/System/Library/PrivateFrameworks/LanguageModeling.framework/Versions/A/LanguageModeling
0x00007fff5807a000 	/System/Library/PrivateFrameworks/CoreEmoji.framework/Versions/A/CoreEmoji
0x00007fff51104000 	/System/Library/Frameworks/ServiceManagement.framework/Versions/A/ServiceManagement
0x00007fff55b22000 	/System/Library/PrivateFrameworks/BackgroundTaskManagement.framework/Versions/A/BackgroundTaskManagement
0x00007fff6cb50000 	/usr/lib/libxslt.1.dylib
0x00007fff44501000 	/System/Library/Frameworks/Carbon.framework/Versions/A/Frameworks/Ink.framework/Versions/A/Ink
0x00007fff689e1000 	/System/Library/PrivateFrameworks/TextureIO.framework/Versions/A/TextureIO
0x00007fff6ab81000 	/usr/lib/libate.dylib
0x00007fff59154000 	/System/Library/PrivateFrameworks/CrashReporterSupport.framework/Versions/A/CrashReporterSupport
0x00007fff65d31000 	/System/Library/PrivateFrameworks/Sharing.framework/Versions/A/Sharing
0x00007fff5f53c000 	/System/Library/PrivateFrameworks/IconServices.framework/Versions/A/IconServices
0x00007fff55752000 	/System/Library/PrivateFrameworks/AuthKit.framework/Versions/A/AuthKit
0x00007fff550d8000 	/System/Library/PrivateFrameworks/Apple80211.framework/Versions/A/Apple80211
0x00007fff58f69000 	/System/Library/PrivateFrameworks/CoreUtils.framework/Versions/A/CoreUtils
0x00007fff46b46000 	/System/Library/Frameworks/CoreWLAN.framework/Versions/A/CoreWLAN
0x00007fff4758b000 	/System/Library/Frameworks/IOBluetooth.framework/Versions/A/IOBluetooth
0x00007fff641ef000 	/System/Library/PrivateFrameworks/ProtocolBuffer.framework/Versions/A/ProtocolBuffer
0x00007fff60849000 	/System/Library/PrivateFrameworks/MobileKeyBag.framework/Versions/A/MobileKeyBag
0x00007fff5881e000 	/System/Library/PrivateFrameworks/CorePhoneNumbers.framework/Versions/A/CorePhoneNumbers
0x00007fff55210000 	/System/Library/PrivateFrameworks/AppleIDAuthSupport.framework/Versions/A/AppleIDAuthSupport
0x00007fff5f7e7000 	/System/Library/PrivateFrameworks/KeychainCircle.framework/Versions/A/KeychainCircle
0x00007fff590ef000 	/System/Library/PrivateFrameworks/CoreWiFi.framework/Versions/A/CoreWiFi
0x00007fff44a4c000 	/System/Library/Frameworks/CoreBluetooth.framework/Versions/A/CoreBluetooth
0x00007fff5933e000 	/System/Library/PrivateFrameworks/DebugSymbols.framework/Versions/A/DebugSymbols
0x00007fff58d1f000 	/System/Library/PrivateFrameworks/CoreSymbolication.framework/Versions/A/CoreSymbolication
0x00007fff681d2000 	/System/Library/PrivateFrameworks/Symbolication.framework/Versions/A/Symbolication
0x00007fff55102000 	/System/Library/PrivateFrameworks/AppleFSCompression.framework/Versions/A/AppleFSCompression
0x00007fff6761f000 	/System/Library/PrivateFrameworks/SpeechRecognitionCore.framework/Versions/A/SpeechRecognitionCore
0x00000001019cd000 	/Library/Java/JavaVirtualMachines/jdk1.8.0_221.jdk/Contents/Home/jre/lib/server/libjvm.dylib
0x00007fff6c920000 	/usr/lib/libstdc++.6.0.9.dylib
0x0000000102986000 	/Library/Java/JavaVirtualMachines/jdk1.8.0_221.jdk/Contents/Home/jre/lib/libverify.dylib
0x0000000102994000 	/Library/Java/JavaVirtualMachines/jdk1.8.0_221.jdk/Contents/Home/jre/lib/libjava.dylib
0x00000001029d4000 	/Library/Java/JavaVirtualMachines/jdk1.8.0_221.jdk/Contents/Home/jre/lib/libzip.dylib
0x000000010b587000 	/Library/Java/JavaVirtualMachines/jdk1.8.0_221.jdk/Contents/Home/jre/lib/libawt.dylib
0x000000010b630000 	/Library/Java/JavaVirtualMachines/jdk1.8.0_221.jdk/Contents/Home/jre/lib/./libmlib_image.dylib
0x00007fff48c6c000 	/System/Library/Frameworks/JavaVM.framework/Versions/A/Frameworks/JavaNativeFoundation.framework/Versions/A/JavaNativeFoundation
0x00007fff48c75000 	/System/Library/Frameworks/JavaVM.framework/Versions/A/Frameworks/JavaRuntimeSupport.framework/Versions/A/JavaRuntimeSupport
0x00007fff48c7e000 	/System/Library/Frameworks/JavaVM.framework/Versions/A/JavaVM
0x00007fff5f6fd000 	/System/Library/PrivateFrameworks/JavaLaunching.framework/Versions/A/JavaLaunching
0x00007fff441ec000 	/System/Library/Frameworks/Carbon.framework/Versions/A/Carbon
0x00007fff441ed000 	/System/Library/Frameworks/Carbon.framework/Versions/A/Frameworks/CommonPanels.framework/Versions/A/CommonPanels
0x00007fff444f7000 	/System/Library/Frameworks/Carbon.framework/Versions/A/Frameworks/Help.framework/Versions/A/Help
0x00007fff444fb000 	/System/Library/Frameworks/Carbon.framework/Versions/A/Frameworks/ImageCapture.framework/Versions/A/ImageCapture
0x00007fff44597000 	/System/Library/Frameworks/Carbon.framework/Versions/A/Frameworks/OpenScripting.framework/Versions/A/OpenScripting
0x00007fff445d2000 	/System/Library/Frameworks/Carbon.framework/Versions/A/Frameworks/Print.framework/Versions/A/Print
0x00007fff445d4000 	/System/Library/Frameworks/Carbon.framework/Versions/A/Frameworks/SecurityHI.framework/Versions/A/SecurityHI
0x000000010b6fc000 	/Library/Java/JavaVirtualMachines/jdk1.8.0_221.jdk/Contents/Home/jre/lib/libawt_lwawt.dylib
0x000000010b7b7000 	/Library/Java/JavaVirtualMachines/jdk1.8.0_221.jdk/Contents/Home/jre/lib/./libosxapp.dylib
0x00007fff46feb000 	/System/Library/Frameworks/ExceptionHandling.framework/Versions/A/ExceptionHandling
0x00007fff589b1000 	/System/Library/PrivateFrameworks/CoreServicesInternal.framework/Versions/A/CoreServicesInternal
0x00007fff3d468000 	/System/Library/CoreServices/RawCamera.bundle/Contents/MacOS/RawCamera
0x00007fff606c2000 	/System/Library/PrivateFrameworks/MobileAsset.framework/Versions/A/MobileAsset
0x00007fff67ad9000 	/System/Library/PrivateFrameworks/StreamingZip.framework/Versions/A/StreamingZip
0x00007fff49012000 	/System/Library/Frameworks/MediaToolbox.framework/Versions/A/MediaToolbox
0x00007fff57cb9000 	/System/Library/PrivateFrameworks/CoreAVCHD.framework/Versions/A/CoreAVCHD
0x00007fff48f5b000 	/System/Library/Frameworks/MediaAccessibility.framework/Versions/A/MediaAccessibility
0x00007fff6013d000 	/System/Library/PrivateFrameworks/Mangrove.framework/Versions/A/Mangrove
0x00007fff45ee4000 	/System/Library/Frameworks/CoreMedia.framework/Versions/A/CoreMedia
0x00007fff516d2000 	/System/Library/Frameworks/VideoToolbox.framework/Versions/A/VideoToolbox
0x00007fff578b0000 	/System/Library/PrivateFrameworks/CoreAUC.framework/Versions/A/CoreAUC
0x00007fff6c689000 	/usr/lib/libspindump.dylib
0x00007fff553cd000 	/System/Library/PrivateFrameworks/AppleVA.framework/Versions/A/AppleVA
0x00007fff4142b000 	/System/Library/Frameworks/Accelerate.framework/Versions/A/Frameworks/vImage.framework/Versions/A/Libraries/libCGInterfaces.dylib
0x00007fff43652000 	/System/Library/Frameworks/ApplicationServices.framework/Versions/A/Frameworks/ATS.framework/Versions/A/Resources/libTrueTypeScaler.dylib
0x00007fff3ee4b000 	/System/Library/Extensions/AppleIntelKBLGraphicsMTLDriver.bundle/Contents/MacOS/AppleIntelKBLGraphicsMTLDriver
0x00007fff5c352000 	/System/Library/PrivateFrameworks/GPUCompiler.framework/Versions/3802/Libraries/libmetal_timestamp.dylib
0x00007fff5a700000 	/System/Library/PrivateFrameworks/FamilyControls.framework/Versions/A/FamilyControls
0x00007fff5755e000 	/System/Library/PrivateFrameworks/CommerceKit.framework/Versions/A/Frameworks/CommerceCore.framework/Versions/A/CommerceCore
0x00007fff68521000 	/System/Library/PrivateFrameworks/SystemAdministration.framework/Versions/A/SystemAdministration
0x00007fff5508b000 	/System/Library/PrivateFrameworks/AppContainer.framework/Versions/A/AppContainer
0x00007fff65be9000 	/System/Library/PrivateFrameworks/SecCodeWrapper.framework/Versions/A/SecCodeWrapper
0x00007fff5968c000 	/System/Library/PrivateFrameworks/DiskManagement.framework/Versions/A/DiskManagement
0x00007fff46d5f000 	/System/Library/Frameworks/DirectoryService.framework/Versions/A/DirectoryService
0x00007fff595b9000 	/System/Library/PrivateFrameworks/DiskImages.framework/Versions/A/DiskImages
0x00007fff5fa2e000 	/System/Library/PrivateFrameworks/LoginUIKit.framework/Versions/A/Frameworks/LoginUICore.framework/Versions/A/LoginUICore
0x00007fff6a6a3000 	/usr/lib/libCoreStorage.dylib
0x00007fff6b50e000 	/usr/lib/libcsfde.dylib
0x00007fff6c552000 	/usr/lib/libodfde.dylib
0x00007fff6025c000 	/System/Library/PrivateFrameworks/MediaKit.framework/Versions/A/MediaKit
0x00007fff46d6b000 	/System/Library/Frameworks/DiscRecording.framework/Versions/A/DiscRecording
0x00007fff59808000 	/System/Library/PrivateFrameworks/EFILogin.framework/Versions/A/EFILogin
0x00007fff64197000 	/System/Library/PrivateFrameworks/ProtectedCloudStorage.framework/Versions/A/ProtectedCloudStorage
0x00007fff6b59b000 	/usr/lib/libcurl.4.dylib
0x00007fff6b1e2000 	/usr/lib/libcrypto.35.dylib
0x00007fff6c87a000 	/usr/lib/libssl.35.dylib
0x00007fff48c9d000 	/System/Library/Frameworks/LDAP.framework/Versions/A/LDAP
0x00007fff68b48000 	/System/Library/PrivateFrameworks/TrustEvaluationAgent.framework/Versions/A/TrustEvaluationAgent
0x00007fff6c676000 	/usr/lib/libsasl2.2.dylib
0x00007fff57f03000 	/System/Library/PrivateFrameworks/CoreDaemon.framework/Versions/B/CoreDaemon
0x00007fff552cf000 	/System/Library/PrivateFrameworks/AppleSRP.framework/Versions/A/AppleSRP
0x00007fff4f448000 	/System/Library/Frameworks/OpenGL.framework/Versions/A/Resources/GLEngine.bundle/GLEngine
0x00007fff4e914000 	/System/Library/Frameworks/OpenGL.framework/Versions/A/Libraries/libGLProgrammability.dylib
0x000000010e62d000 	/System/Library/Extensions/AppleIntelKBLGraphicsGLDriver.bundle/Contents/MacOS/AppleIntelKBLGraphicsGLDriver
0x00007fff5d9b2000 	/System/Library/PrivateFrameworks/GPUSupport.framework/Versions/A/Libraries/libGPUSupportMercury.dylib
0x00007fff4f5e0000 	/System/Library/Frameworks/OpenGL.framework/Versions/A/Resources/GLRendererFloat.bundle/GLRendererFloat
0x00007fff4d6a9000 	/System/Library/Frameworks/OpenCL.framework/Versions/A/Libraries/libcldcpuengine.dylib
0x00000001104ee000 	/Library/Java/JavaVirtualMachines/jdk1.8.0_221.jdk/Contents/Home/jre/lib/libfontmanager.dylib
0x000000010fbfc000 	/Library/Java/JavaVirtualMachines/jdk1.8.0_221.jdk/Contents/Home/jre/lib/libosxui.dylib
0x00000001109df000 	/Library/Java/JavaVirtualMachines/jdk1.8.0_221.jdk/Contents/Home/jre/lib/libnet.dylib
0x00000001109f6000 	/Library/Java/JavaVirtualMachines/jdk1.8.0_221.jdk/Contents/Home/jre/lib/libnio.dylib
0x0000000110a06000 	/private/var/folders/fy/71f4053d7bq886qvct690y_w0000gn/T/jogamp_0000/file_cache/jln8310337624850691651/jln7627742396833262110/libgluegen-rt.jnilib
0x00007fff699d3000 	/System/Library/PrivateFrameworks/ViewBridge.framework/Versions/A/ViewBridge
0x0000000110ac2000 	/private/var/folders/fy/71f4053d7bq886qvct690y_w0000gn/T/jogamp_0000/file_cache/jln8310337624850691651/jln7627742396833262110/libnativewindow_awt.jnilib
0x0000000110ac6000 	/Library/Java/JavaVirtualMachines/jdk1.8.0_221.jdk/Contents/Home/jre/lib/libjawt.dylib
0x0000000110ac9000 	/private/var/folders/fy/71f4053d7bq886qvct690y_w0000gn/T/jogamp_0000/file_cache/jln8310337624850691651/jln7627742396833262110/libnativewindow_macosx.jnilib
0x00000001207c0000 	/private/var/folders/fy/71f4053d7bq886qvct690y_w0000gn/T/jogamp_0000/file_cache/jln8310337624850691651/jln7627742396833262110/libjogl_desktop.jnilib
0x00007fff6a40a000 	/System/Library/PrivateFrameworks/login.framework/Versions/A/login

VM Arguments:
jvm_args: -Dfile.encoding=UTF-8 
java_command: PA3
java_class_path (initial): /Users/xiaoxingan/Desktop/work/cs480/PA3/bin:/Users/xiaoxingan/Desktop/work/cs480/jogl-2.0/jar/gluegen-rt-natives-android-armv6.jar:/Users/xiaoxingan/Desktop/work/cs480/jogl-2.0/jar/gluegen-rt-natives-linux-amd64.jar:/Users/xiaoxingan/Desktop/work/cs480/jogl-2.0/jar/gluegen-rt-natives-linux-armv6.jar:/Users/xiaoxingan/Desktop/work/cs480/jogl-2.0/jar/gluegen-rt-natives-linux-armv6hf.jar:/Users/xiaoxingan/Desktop/work/cs480/jogl-2.0/jar/gluegen-rt-natives-linux-i586.jar:/Users/xiaoxingan/Desktop/work/cs480/jogl-2.0/jar/gluegen-rt-natives-macosx-universal.jar:/Users/xiaoxingan/Desktop/work/cs480/jogl-2.0/jar/gluegen-rt-natives-solaris-amd64.jar:/Users/xiaoxingan/Desktop/work/cs480/jogl-2.0/jar/gluegen-rt-natives-solaris-i586.jar:/Users/xiaoxingan/Desktop/work/cs480/jogl-2.0/jar/gluegen-rt-natives-windows-amd64.jar:/Users/xiaoxingan/Desktop/work/cs480/jogl-2.0/jar/gluegen-rt-natives-windows-i586.jar:/Users/xiaoxingan/Desktop/work/cs480/jogl-2.0/jar/gluegen-rt.jar:/Users/xiaoxingan/Desktop/work/cs480/jogl-2.0/jar/jogl-all-natives-android-armv6.jar:/Users/xiaoxingan/Desktop/work/cs480/jogl-2.0/jar/jogl-all-natives-linux-amd64.jar:/Users/xiaoxingan/Desktop/work/cs480/jogl-2.0/jar/jogl-all-natives-linux-armv6.jar:/Users/xiaoxingan/Desktop/work/cs480/jogl-2.0/jar/jogl-all-natives-linux-armv6hf.jar:/Users/xiaoxingan/Desktop/work/cs480/jogl-2.0/jar/jogl-all-natives-linux-i586.jar:/Users/xiaoxingan/Desktop/work/cs480/jogl-2.0/jar/jogl-all-natives-macosx-universal.jar:/Users/xiaoxingan/Desktop/work/cs480/jogl-2.0/jar/jogl-all-natives-solaris-amd64.jar:/Users/xiaoxingan/Desktop/work/cs480/jogl-2.0/jar/jogl-all-natives-solaris-i586.jar:/Users/xiaoxingan/Desktop/work/cs480/jogl-2.0/jar/jogl-all-natives-windows-amd64.jar:/Users/xiaoxingan/Desktop/work/cs480/jogl-2.0/jar/jogl-all-natives-windows-i586.jar:/Users/xiaoxingan/Desktop/work/cs480/jogl-2.0/jar/jogl-all.jar
Launcher Type: SUN_STANDARD

Environment Variables:
PATH=/usr/bin:/bin:/usr/sbin:/sbin
SHELL=/bin/bash

Signal Handlers:
SIGSEGV: [libjvm.dylib+0x5b71a7], sa_mask[0]=11111111011111110111111111111111, sa_flags=SA_ONSTACK|SA_RESTART|SA_SIGINFO
SIGBUS: [libjvm.dylib+0x5b71a7], sa_mask[0]=11111111011111110111111111111111, sa_flags=SA_RESTART|SA_SIGINFO
SIGFPE: [libjvm.dylib+0x48c8fc], sa_mask[0]=11111111011111110111111111111111, sa_flags=SA_RESTART|SA_SIGINFO
SIGPIPE: [libjvm.dylib+0x48c8fc], sa_mask[0]=11111111011111110111111111111111, sa_flags=SA_RESTART|SA_SIGINFO
SIGXFSZ: [libjvm.dylib+0x48c8fc], sa_mask[0]=11111111011111110111111111111111, sa_flags=SA_RESTART|SA_SIGINFO
SIGILL: [libjvm.dylib+0x48c8fc], sa_mask[0]=11111111011111110111111111111111, sa_flags=SA_RESTART|SA_SIGINFO
SIGUSR1: SIG_DFL, sa_mask[0]=00000000000000000000000000000000, sa_flags=none
SIGUSR2: [libjvm.dylib+0x48c41a], sa_mask[0]=00100000000000000000000000000000, sa_flags=SA_RESTART|SA_SIGINFO
SIGHUP: [libjvm.dylib+0x48a9a5], sa_mask[0]=11111111011111110111111111111111, sa_flags=SA_RESTART|SA_SIGINFO
SIGINT: [libjvm.dylib+0x48a9a5], sa_mask[0]=11111111011111110111111111111111, sa_flags=SA_RESTART|SA_SIGINFO
SIGTERM: [libjvm.dylib+0x48a9a5], sa_mask[0]=11111111011111110111111111111111, sa_flags=SA_RESTART|SA_SIGINFO
SIGQUIT: [libjvm.dylib+0x48a9a5], sa_mask[0]=11111111011111110111111111111111, sa_flags=SA_RESTART|SA_SIGINFO


---------------  S Y S T E M  ---------------

OS:Bsduname:Darwin 17.7.0 Darwin Kernel Version 17.7.0: Thu Jun 21 22:53:14 PDT 2018; root:xnu-4570.71.2~1/RELEASE_X86_64 x86_64
rlimit: STACK 8192k, CORE 0k, NPROC 709, NOFILE 10240, AS infinity
load average:33.86 20.71 11.06

CPU:total 4 (initial active 4) (2 cores per cpu, 2 threads per core) family 6 model 142 stepping 9, cmov, cx8, fxsr, mmx, sse, sse2, sse3, ssse3, sse4.1, sse4.2, popcnt, avx, avx2, aes, clmul, erms, 3dnowpref, lzcnt, ht, tsc, tscinvbit, bmi1, bmi2, adx

Memory: 4k page, physical 8388608k(44752k free)

/proc/meminfo:


vm_info: Java HotSpot(TM) 64-Bit Server VM (25.221-b11) for bsd-amd64 JRE (1.8.0_221-b11), built on Jul  4 2019 04:36:22 by "java_re" with gcc 4.2.1 (Based on Apple Inc. build 5658) (LLVM build 2336.11.00)

time: Mon Nov 11 23:50:28 2019
timezone: EST
elapsed time: 1091 seconds (0d 0h 18m 11s)

